0 verbose cli /opt/homebrew/Cellar/node/25.2.1/bin/node /opt/homebrew/bin/npm
1 info using npm@11.6.2
2 info using node@v25.2.1
3 silly config load:file:/opt/homebrew/lib/node_modules/npm/npmrc
4 silly config load:file:/Users/navaneethkavinm/Desktop/food e commerce/wiltshire-clone/.npmrc
5 silly config load:file:/Users/navaneethkavinm/.npmrc
6 silly config load:file:/opt/homebrew/etc/npmrc
7 verbose title npm install gh-pages jspdf
8 verbose argv "install" "gh-pages" "jspdf" "--save-dev" "--cache" "./.npm-cache" "--prefer-offline" "--no-audit" "--no-fund"
9 verbose logfile logs-max:10 dir:/Users/navaneethkavinm/Desktop/food e commerce/wiltshire-clone/.npm-cache/_logs/2026-02-18T09_20_06_408Z-
10 verbose logfile /Users/navaneethkavinm/Desktop/food e commerce/wiltshire-clone/.npm-cache/_logs/2026-02-18T09_20_06_408Z-debug-0.log
11 silly logfile done cleaning log files
12 silly packumentCache heap:2348810240 maxSize:587202560 maxEntrySize:293601280
13 verbose shrinkwrap failed to load node_modules/.package-lock.json out of date, updated: node_modules
14 silly idealTree buildDeps
15 silly fetch manifest gh-pages@*
16 silly packumentCache full:https://registry.npmjs.org/gh-pages cache-miss
17 http fetch GET https://registry.npmjs.org/gh-pages attempt 1 failed with ECONNRESET
18 http fetch GET https://registry.npmjs.org/npm attempt 1 failed with ECONNRESET
19 http fetch GET https://registry.npmjs.org/gh-pages attempt 2 failed with ECONNRESET
20 http fetch GET https://registry.npmjs.org/npm attempt 2 failed with ECONNRESET
21 http fetch GET https://registry.npmjs.org/gh-pages attempt 3 failed with ECONNRESET
22 silly fetch manifest jspdf@*
23 silly packumentCache full:https://registry.npmjs.org/jspdf cache-miss
24 http fetch GET https://registry.npmjs.org/npm attempt 3 failed with ECONNRESET
25 http fetch GET 200 https://registry.npmjs.org/jspdf 11386ms (cache miss)
26 silly packumentCache full:https://registry.npmjs.org/jspdf set size:undefined disposed:false
27 silly placeDep ROOT gh-pages@ OK for: wiltshire-clone@0.1.0 want: *
28 silly placeDep ROOT jspdf@4.1.0 OK for: wiltshire-clone@0.1.0 want: *
29 silly fetch manifest fflate@^0.8.1
30 silly packumentCache full:https://registry.npmjs.org/fflate cache-miss
31 silly fetch manifest fast-png@^6.2.0
32 silly packumentCache full:https://registry.npmjs.org/fast-png cache-miss
33 silly fetch manifest canvg@^3.0.11
34 silly packumentCache full:https://registry.npmjs.org/canvg cache-miss
35 silly fetch manifest dompurify@^3.3.1
36 silly packumentCache full:https://registry.npmjs.org/dompurify cache-miss
37 silly fetch manifest html2canvas@^1.0.0-rc.5
38 silly packumentCache full:https://registry.npmjs.org/html2canvas cache-miss
39 http fetch GET 200 https://registry.npmjs.org/fflate 1578ms (cache miss)
40 silly packumentCache full:https://registry.npmjs.org/fflate set size:undefined disposed:false
41 http fetch GET 200 https://registry.npmjs.org/canvg 4671ms (cache miss)
42 silly packumentCache full:https://registry.npmjs.org/canvg set size:undefined disposed:false
43 http fetch GET 200 https://registry.npmjs.org/dompurify 5461ms (cache miss)
44 silly packumentCache full:https://registry.npmjs.org/dompurify set size:undefined disposed:false
45 http fetch GET 200 https://registry.npmjs.org/html2canvas 5564ms (cache miss)
46 silly packumentCache full:https://registry.npmjs.org/html2canvas set size:undefined disposed:false
47 http fetch GET 200 https://registry.npmjs.org/fast-png 5646ms (cache miss)
48 silly packumentCache full:https://registry.npmjs.org/fast-png set size:undefined disposed:false
49 silly placeDep ROOT canvg@3.0.11 OK for: jspdf@4.1.0 want: ^3.0.11
50 silly placeDep ROOT dompurify@3.3.1 OK for: jspdf@4.1.0 want: ^3.3.1
51 silly placeDep ROOT fast-png@6.4.0 OK for: jspdf@4.1.0 want: ^6.2.0
52 silly placeDep ROOT fflate@0.8.2 OK for: jspdf@4.1.0 want: ^0.8.1
53 silly placeDep ROOT html2canvas@1.4.1 OK for: jspdf@4.1.0 want: ^1.0.0-rc.5
54 silly fetch manifest rgbcolor@^1.0.1
55 silly packumentCache full:https://registry.npmjs.org/rgbcolor cache-miss
56 silly fetch manifest @types/raf@^3.4.0
57 silly packumentCache full:https://registry.npmjs.org/@types%2fraf cache-miss
58 silly fetch manifest svg-pathdata@^6.0.3
59 silly packumentCache full:https://registry.npmjs.org/svg-pathdata cache-miss
60 silly fetch manifest stackblur-canvas@^2.0.0
61 silly packumentCache full:https://registry.npmjs.org/stackblur-canvas cache-miss
62 silly fetch manifest pako@^2.1.0
63 silly packumentCache full:https://registry.npmjs.org/pako cache-miss
64 silly fetch manifest iobuffer@^5.3.2
65 silly packumentCache full:https://registry.npmjs.org/iobuffer cache-miss
66 silly fetch manifest @types/pako@^2.0.3
67 silly packumentCache full:https://registry.npmjs.org/@types%2fpako cache-miss
68 http fetch GET 200 https://registry.npmjs.org/rgbcolor 1802ms (cache miss)
69 silly packumentCache full:https://registry.npmjs.org/rgbcolor set size:undefined disposed:false
70 silly fetch manifest css-line-break@^2.1.0
71 silly packumentCache full:https://registry.npmjs.org/css-line-break cache-miss
72 http fetch GET 200 https://registry.npmjs.org/stackblur-canvas 1880ms (cache miss)
73 silly packumentCache full:https://registry.npmjs.org/stackblur-canvas set size:undefined disposed:false
74 silly fetch manifest text-segmentation@^1.0.3
75 silly packumentCache full:https://registry.npmjs.org/text-segmentation cache-miss
76 http fetch GET 200 https://registry.npmjs.org/pako 1897ms (cache miss)
77 silly packumentCache full:https://registry.npmjs.org/pako set size:undefined disposed:false
78 http fetch GET 200 https://registry.npmjs.org/@types%2fraf 1914ms (cache miss)
79 silly packumentCache full:https://registry.npmjs.org/@types%2fraf set size:undefined disposed:false
80 http fetch GET 200 https://registry.npmjs.org/svg-pathdata 2223ms (cache miss)
81 silly packumentCache full:https://registry.npmjs.org/svg-pathdata set size:undefined disposed:false
82 http fetch GET 200 https://registry.npmjs.org/text-segmentation 508ms (cache miss)
83 silly packumentCache full:https://registry.npmjs.org/text-segmentation set size:undefined disposed:false
84 http fetch GET 200 https://registry.npmjs.org/css-line-break 902ms (cache miss)
85 silly packumentCache full:https://registry.npmjs.org/css-line-break set size:undefined disposed:false
86 http fetch GET 200 https://registry.npmjs.org/iobuffer 2964ms (cache miss)
87 silly packumentCache full:https://registry.npmjs.org/iobuffer set size:undefined disposed:false
88 http fetch GET 200 https://registry.npmjs.org/@types%2fpako 2980ms (cache miss)
89 silly packumentCache full:https://registry.npmjs.org/@types%2fpako set size:undefined disposed:false
90 silly placeDep ROOT @types/raf@3.4.3 OK for: canvg@3.0.11 want: ^3.4.0
91 silly placeDep ROOT rgbcolor@1.0.1 OK for: canvg@3.0.11 want: ^1.0.1
92 silly placeDep ROOT stackblur-canvas@2.7.0 OK for: canvg@3.0.11 want: ^2.0.0
93 silly placeDep ROOT svg-pathdata@6.0.3 OK for: canvg@3.0.11 want: ^6.0.3
94 silly placeDep ROOT @types/pako@2.0.4 OK for: fast-png@6.4.0 want: ^2.0.3
95 silly placeDep ROOT iobuffer@5.4.0 OK for: fast-png@6.4.0 want: ^5.3.2
96 silly placeDep ROOT pako@2.1.0 OK for: fast-png@6.4.0 want: ^2.1.0
97 silly placeDep ROOT css-line-break@2.1.0 OK for: html2canvas@1.4.1 want: ^2.1.0
98 silly placeDep ROOT text-segmentation@1.0.3 OK for: html2canvas@1.4.1 want: ^1.0.3
99 silly fetch manifest utrie@^1.0.2
100 silly packumentCache full:https://registry.npmjs.org/utrie cache-miss
101 silly fetch manifest utrie@^1.0.2
102 silly packumentCache full:https://registry.npmjs.org/utrie cache-miss
103 http fetch GET 200 https://registry.npmjs.org/utrie 365ms (cache miss)
104 silly packumentCache full:https://registry.npmjs.org/utrie set size:undefined disposed:false
105 http fetch GET 200 https://registry.npmjs.org/utrie 366ms (cache miss)
106 silly packumentCache full:https://registry.npmjs.org/utrie set size:undefined disposed:false
107 silly placeDep ROOT utrie@1.0.2 OK for: css-line-break@2.1.0 want: ^1.0.2
108 silly fetch manifest base64-arraybuffer@^1.0.2
109 silly packumentCache full:https://registry.npmjs.org/base64-arraybuffer cache-miss
110 http fetch GET 200 https://registry.npmjs.org/base64-arraybuffer 415ms (cache miss)
111 silly packumentCache full:https://registry.npmjs.org/base64-arraybuffer set size:undefined disposed:false
112 silly placeDep ROOT base64-arraybuffer@1.0.2 OK for: utrie@1.0.2 want: ^1.0.2
113 silly fetch manifest yaml@^2.4.2
114 silly packumentCache full:https://registry.npmjs.org/yaml cache-miss
115 http fetch GET 200 https://registry.npmjs.org/yaml 641ms (cache miss)
116 silly packumentCache full:https://registry.npmjs.org/yaml set size:undefined disposed:false
117 silly placeDep node_modules/tailwindcss yaml@2.8.2 OK for: postcss-load-config@6.0.1 want: ^2.4.2
118 verbose type system
119 verbose stack FetchError: request to https://registry.npmjs.org/gh-pages failed, reason: Client network socket disconnected before secure TLS connection was established
119 verbose stack     at ClientRequest.<anonymous> (/opt/homebrew/lib/node_modules/npm/node_modules/minipass-fetch/lib/index.js:130:14)
119 verbose stack     at ClientRequest.emit (node:events:508:28)
119 verbose stack     at emitErrorEvent (node:_http_client:108:11)
119 verbose stack     at _destroy (node:_http_client:962:9)
119 verbose stack     at onSocketNT (node:_http_client:982:5)
119 verbose stack     at process.processTicksAndRejections (node:internal/process/task_queues:90:21)
120 error code ECONNRESET
121 error errno ECONNRESET
122 error network request to https://registry.npmjs.org/gh-pages failed, reason: Client network socket disconnected before secure TLS connection was established
123 error network This is a problem related to network connectivity.
123 error network In most cases you are behind a proxy or have bad network settings.
123 error network
123 error network If you are behind a proxy, please make sure that the
123 error network 'proxy' config is set properly.  See: 'npm help config'
124 silly unfinished npm timer reify 1771406406843
125 silly unfinished npm timer reify:loadTrees 1771406406843
126 verbose cwd /Users/navaneethkavinm/Desktop/food e commerce/wiltshire-clone
127 verbose os Darwin 24.6.0
128 verbose node v25.2.1
129 verbose npm  v11.6.2
130 verbose exit 1
131 verbose code 1
132 error A complete log of this run can be found in: /Users/navaneethkavinm/Desktop/food e commerce/wiltshire-clone/.npm-cache/_logs/2026-02-18T09_20_06_408Z-debug-0.log
